Performing C SOURCE FILE Test CMAKE_HAVE_LIBC_PTHREAD failed with the following output:
Change Dir: /home/ethan/glx/cartographer/src/cartographer/cmake-build-release/CMakeFiles/CMakeTmp

Run Build Command(s):/usr/bin/make cmTC_88533/fast && /usr/bin/make -f CMakeFiles/cmTC_88533.dir/build.make CMakeFiles/cmTC_88533.dir/build
make[1]: Entering directory '/home/ethan/glx/cartographer/src/cartographer/cmake-build-release/CMakeFiles/CMakeTmp'
Building C object CMakeFiles/cmTC_88533.dir/src.c.o
/usr/bin/cc   -DCMAKE_HAVE_LIBC_PTHREAD   -o CMakeFiles/cmTC_88533.dir/src.c.o   -c /home/ethan/glx/cartographer/src/cartographer/cmake-build-release/CMakeFiles/CMakeTmp/src.c
Linking C executable cmTC_88533
/home/ethan/Desktop/clion-2019.2.5/bin/cmake/linux/bin/cmake -E cmake_link_script CMakeFiles/cmTC_88533.dir/link.txt --verbose=1
/usr/bin/cc  -DCMAKE_HAVE_LIBC_PTHREAD    -rdynamic CMakeFiles/cmTC_88533.dir/src.c.o  -o cmTC_88533 
CMakeFiles/cmTC_88533.dir/src.c.o: In function `main':
src.c:(.text+0x3c): undefined reference to `pthread_create'
src.c:(.text+0x48): undefined reference to `pthread_detach'
src.c:(.text+0x59): undefined reference to `pthread_join'
src.c:(.text+0x6d): undefined reference to `pthread_atfork'
collect2: error: ld returned 1 exit status
CMakeFiles/cmTC_88533.dir/build.make:86: recipe for target 'cmTC_88533' failed
make[1]: *** [cmTC_88533] Error 1
make[1]: Leaving directory '/home/ethan/glx/cartographer/src/cartographer/cmake-build-release/CMakeFiles/CMakeTmp'
Makefile:121: recipe for target 'cmTC_88533/fast' failed
make: *** [cmTC_88533/fast] Error 2


Source file was:
#include <pthread.h>

void* test_func(void* data)
{
  return data;
}

int main(void)
{
  pthread_t thread;
  pthread_create(&thread, NULL, test_func, NULL);
  pthread_detach(thread);
  pthread_join(thread, NULL);
  pthread_atfork(NULL, NULL, NULL);
  pthread_exit(NULL);

  return 0;
}

Determining if the function pthread_create exists in the pthreads failed with the following output:
Change Dir: /home/ethan/glx/cartographer/src/cartographer/cmake-build-release/CMakeFiles/CMakeTmp

Run Build Command(s):/usr/bin/make cmTC_0f171/fast && /usr/bin/make -f CMakeFiles/cmTC_0f171.dir/build.make CMakeFiles/cmTC_0f171.dir/build
make[1]: Entering directory '/home/ethan/glx/cartographer/src/cartographer/cmake-build-release/CMakeFiles/CMakeTmp'
Building C object CMakeFiles/cmTC_0f171.dir/CheckFunctionExists.c.o
/usr/bin/cc   -DCHECK_FUNCTION_EXISTS=pthread_create   -o CMakeFiles/cmTC_0f171.dir/CheckFunctionExists.c.o   -c /home/ethan/Desktop/clion-2019.2.5/bin/cmake/linux/share/cmake-3.15/Modules/CheckFunctionExists.c
Linking C executable cmTC_0f171
/home/ethan/Desktop/clion-2019.2.5/bin/cmake/linux/bin/cmake -E cmake_link_script CMakeFiles/cmTC_0f171.dir/link.txt --verbose=1
/usr/bin/cc  -DCHECK_FUNCTION_EXISTS=pthread_create    -rdynamic CMakeFiles/cmTC_0f171.dir/CheckFunctionExists.c.o  -o cmTC_0f171 -lpthreads 
/usr/bin/ld: cannot find -lpthreads
collect2: error: ld returned 1 exit status
CMakeFiles/cmTC_0f171.dir/build.make:86: recipe for target 'cmTC_0f171' failed
make[1]: *** [cmTC_0f171] Error 1
make[1]: Leaving directory '/home/ethan/glx/cartographer/src/cartographer/cmake-build-release/CMakeFiles/CMakeTmp'
Makefile:121: recipe for target 'cmTC_0f171/fast' failed
make: *** [cmTC_0f171/fast] Error 2



